# JRE version: Java(TM) SE Runtime Environment (8.0_161-b12) (build 1.8.0_161-b12)
# Java VM: Java HotSpot(TM) 64-Bit Server VM (25.161-b12 mixed mode linux-amd64 compressed oops)
Heap:
 PSYoungGen      total 171520K, used 11755K [0x00000000e0000000, 0x00000000eba80000, 0x0000000100000000)
  eden space 159744K, 0% used [0x00000000e0000000,0x00000000e0000000,0x00000000e9c00000)
  from space 11776K, 99% used [0x00000000ea380000,0x00000000eaefae88,0x00000000eaf00000)
  to   space 10240K, 0% used [0x00000000eb080000,0x00000000eb080000,0x00000000eba80000)
 ParOldGen       total 65536K, used 26835K [0x00000000a0000000, 0x00000000a4000000, 0x00000000e0000000)
  object space 65536K, 40% used [0x00000000a0000000,0x00000000a1a34f50,0x00000000a4000000)
 Metaspace       used 51477K, capacity 53138K, committed 53416K, reserved 1095680K
  class space    used 7101K, capacity 7553K, committed 7600K, reserved 1048576K
GC Heap History (10 events):
Event: 40.404 GC heap after
Heap after GC invocations=8 (full 1):
 PSYoungGen      total 70656K, used 7101K [0x00000000e0000000, 0x00000000e8300000, 0x0000000100000000)
  eden space 60416K, 0% used [0x00000000e0000000,0x00000000e0000000,0x00000000e3b00000)
  from space 10240K, 69% used [0x00000000e3b00000,0x00000000e41ef768,0x00000000e4500000)
  to   space 10240K, 0% used [0x00000000e7900000,0x00000000e7900000,0x00000000e8300000)
 ParOldGen       total 46080K, used 6861K [0x00000000a0000000, 0x00000000a2d00000, 0x00000000e0000000)
  object space 46080K, 14% used [0x00000000a0000000,0x00000000a06b3788,0x00000000a2d00000)
 Metaspace       used 27579K, capacity 28064K, committed 28464K, reserved 1073152K
  class space    used 3925K, capacity 4071K, committed 4144K, reserved 1048576K
}
Event: 45.516 GC heap before
{Heap before GC invocations=9 (full 1):
 PSYoungGen      total 70656K, used 67517K [0x00000000e0000000, 0x00000000e8300000, 0x0000000100000000)
  eden space 60416K, 100% used [0x00000000e0000000,0x00000000e3b00000,0x00000000e3b00000)
  from space 10240K, 69% used [0x00000000e3b00000,0x00000000e41ef768,0x00000000e4500000)
  to   space 10240K, 0% used [0x00000000e7900000,0x00000000e7900000,0x00000000e8300000)
 ParOldGen       total 46080K, used 6861K [0x00000000a0000000, 0x00000000a2d00000, 0x00000000e0000000)
  object space 46080K, 14% used [0x00000000a0000000,0x00000000a06b3788,0x00000000a2d00000)
 Metaspace       used 30518K, capacity 30944K, committed 31280K, reserved 1077248K
  class space    used 4233K, capacity 4391K, committed 4400K, reserved 1048576K
Event: 45.554 GC heap after
Heap after GC invocations=9 (full 1):
 PSYoungGen      total 120832K, used 6442K [0x00000000e0000000, 0x00000000e8100000, 0x0000000100000000)
  eden space 112640K, 0% used [0x00000000e0000000,0x00000000e0000000,0x00000000e6e00000)
  from space 8192K, 78% used [0x00000000e7900000,0x00000000e7f4a9b0,0x00000000e8100000)
  to   space 9728K, 0% used [0x00000000e6e00000,0x00000000e6e00000,0x00000000e7780000)
 ParOldGen       total 46080K, used 6941K [0x00000000a0000000, 0x00000000a2d00000, 0x00000000e0000000)
  object space 46080K, 15% used [0x00000000a0000000,0x00000000a06c7798,0x00000000a2d00000)
 Metaspace       used 30518K, capacity 30944K, committed 31280K, reserved 1077248K
  class space    used 4233K, capacity 4391K, committed 4400K, reserved 1048576K
}
Event: 47.657 GC heap before
{Heap before GC invocations=10 (full 1):
 PSYoungGen      total 120832K, used 38830K [0x00000000e0000000, 0x00000000e8100000, 0x0000000100000000)
  eden space 112640K, 28% used [0x00000000e0000000,0x00000000e1fa11f0,0x00000000e6e00000)
  from space 8192K, 78% used [0x00000000e7900000,0x00000000e7f4a9b0,0x00000000e8100000)
  to   space 9728K, 0% used [0x00000000e6e00000,0x00000000e6e00000,0x00000000e7780000)
 ParOldGen       total 46080K, used 6941K [0x00000000a0000000, 0x00000000a2d00000, 0x00000000e0000000)
  object space 46080K, 15% used [0x00000000a0000000,0x00000000a06c7798,0x00000000a2d00000)
 Metaspace       used 34617K, capacity 35286K, committed 35496K, reserved 1079296K
  class space    used 4795K, capacity 5035K, committed 5040K, reserved 1048576K
Event: 47.676 GC heap after
Heap after GC invocations=10 (full 1):
 PSYoungGen      total 122368K, used 8223K [0x00000000e0000000, 0x00000000eba80000, 0x0000000100000000)
  eden space 112640K, 0% used [0x00000000e0000000,0x00000000e0000000,0x00000000e6e00000)
  from space 9728K, 84% used [0x00000000e6e00000,0x00000000e7607ee8,0x00000000e7780000)
  to   space 10240K, 0% used [0x00000000eb080000,0x00000000eb080000,0x00000000eba80000)
 ParOldGen       total 46080K, used 8393K [0x00000000a0000000, 0x00000000a2d00000, 0x00000000e0000000)
  object space 46080K, 18% used [0x00000000a0000000,0x00000000a08327e8,0x00000000a2d00000)
 Metaspace       used 34617K, capacity 35286K, committed 35496K, reserved 1079296K
  class space    used 4795K, capacity 5035K, committed 5040K, reserved 1048576K
}
Event: 47.676 GC heap before
{Heap before GC invocations=11 (full 2):
 PSYoungGen      total 122368K, used 8223K [0x00000000e0000000, 0x00000000eba80000, 0x0000000100000000)
  eden space 112640K, 0% used [0x00000000e0000000,0x00000000e0000000,0x00000000e6e00000)
  from space 9728K, 84% used [0x00000000e6e00000,0x00000000e7607ee8,0x00000000e7780000)
  to   space 10240K, 0% used [0x00000000eb080000,0x00000000eb080000,0x00000000eba80000)
 ParOldGen       total 46080K, used 8393K [0x00000000a0000000, 0x00000000a2d00000, 0x00000000e0000000)
  object space 46080K, 18% used [0x00000000a0000000,0x00000000a08327e8,0x00000000a2d00000)
 Metaspace       used 34617K, capacity 35286K, committed 35496K, reserved 1079296K
  class space    used 4795K, capacity 5035K, committed 5040K, reserved 1048576K
Event: 47.760 GC heap after
Heap after GC invocations=11 (full 2):
 PSYoungGen      total 122368K, used 0K [0x00000000e0000000, 0x00000000eba80000, 0x0000000100000000)
  eden space 112640K, 0% used [0x00000000e0000000,0x00000000e0000000,0x00000000e6e00000)
  from space 9728K, 0% used [0x00000000e6e00000,0x00000000e6e00000,0x00000000e7780000)
  to   space 10240K, 0% used [0x00000000eb080000,0x00000000eb080000,0x00000000eba80000)
 ParOldGen       total 65536K, used 16102K [0x00000000a0000000, 0x00000000a4000000, 0x00000000e0000000)
  object space 65536K, 24% used [0x00000000a0000000,0x00000000a0fb9a38,0x00000000a4000000)
 Metaspace       used 34617K, capacity 35286K, committed 35496K, reserved 1079296K
  class space    used 4795K, capacity 5035K, committed 5040K, reserved 1048576K
}
Event: 57.861 GC heap before
{Heap before GC invocations=12 (full 2):
 PSYoungGen      total 122368K, used 112640K [0x00000000e0000000, 0x00000000eba80000, 0x0000000100000000)
  eden space 112640K, 100% used [0x00000000e0000000,0x00000000e6e00000,0x00000000e6e00000)
  from space 9728K, 0% used [0x00000000e6e00000,0x00000000e6e00000,0x00000000e7780000)
  to   space 10240K, 0% used [0x00000000eb080000,0x00000000eb080000,0x00000000eba80000)
 ParOldGen       total 65536K, used 16102K [0x00000000a0000000, 0x00000000a4000000, 0x00000000e0000000)
  object space 65536K, 24% used [0x00000000a0000000,0x00000000a0fb9a38,0x00000000a4000000)
 Metaspace       used 41196K, capacity 42102K, committed 42280K, reserved 1085440K
  class space    used 5621K, capacity 5928K, committed 5936K, reserved 1048576K
Event: 58.015 GC heap after
Heap after GC invocations=12 (full 2):
 PSYoungGen      total 169984K, used 10225K [0x00000000e0000000, 0x00000000eba80000, 0x0000000100000000)
  eden space 159744K, 0% used [0x00000000e0000000,0x00000000e0000000,0x00000000e9c00000)
  from space 10240K, 99% used [0x00000000eb080000,0x00000000eba7c738,0x00000000eba80000)
  to   space 11776K, 0% used [0x00000000ea380000,0x00000000ea380000,0x00000000eaf00000)
 ParOldGen       total 65536K, used 17614K [0x00000000a0000000, 0x00000000a4000000, 0x00000000e0000000)
  object space 65536K, 26% used [0x00000000a0000000,0x00000000a1133a08,0x00000000a4000000)
 Metaspace       used 41196K, capacity 42102K, committed 42280K, reserved 1085440K
  class space    used 5621K, capacity 5928K, committed 5936K, reserved 1048576K
}
Event: 121.112 GC heap before
{Heap before GC invocations=13 (full 2):
 PSYoungGen      total 169984K, used 169969K [0x00000000e0000000, 0x00000000eba80000, 0x0000000100000000)
  eden space 159744K, 100% used [0x00000000e0000000,0x00000000e9c00000,0x00000000e9c00000)
  from space 10240K, 99% used [0x00000000eb080000,0x00000000eba7c738,0x00000000eba80000)
  to   space 11776K, 0% used [0x00000000ea380000,0x00000000ea380000,0x00000000eaf00000)
 ParOldGen       total 65536K, used 17614K [0x00000000a0000000, 0x00000000a4000000, 0x00000000e0000000)
  object space 65536K, 26% used [0x00000000a0000000,0x00000000a1133a08,0x00000000a4000000)
 Metaspace       used 51477K, capacity 53138K, committed 53416K, reserved 1095680K
  class space    used 7101K, capacity 7553K, committed 7600K, reserved 1048576K

